<?xml version="1.0" encoding="UTF-8"?>
<testng-results skipped="0" failed="0" ignored="0" total="2" passed="2">
  <reporter-output>
  </reporter-output>
  <suite name="Default suite" duration-ms="29889" started-at="2019-02-28T20:37:49Z" finished-at="2019-02-28T20:38:19Z">
    <groups>
    </groups>
    <test name="Default test" duration-ms="29889" started-at="2019-02-28T20:37:49Z" finished-at="2019-02-28T20:38:19Z">
      <class name="LoginTest">
        <test-method status="PASS" signature="setup()[pri:0, instance:LoginTest@4e9ba398]" name="setup" is-config="true" duration-ms="16818" started-at="2019-02-28T14:37:49Z" finished-at="2019-02-28T14:38:06Z">
          <reporter-output>
          </reporter-output>
        </test-method> <!-- setup -->
        <test-method status="PASS" signature="freecrmtitle()[pri:1, instance:LoginTest@4e9ba398]" name="freecrmtitle" duration-ms="31" started-at="2019-02-28T14:38:06Z" finished-at="2019-02-28T14:38:06Z">
          <reporter-output>
          </reporter-output>
        </test-method> <!-- freecrmtitle -->
        <test-method status="PASS" signature="teardown()[pri:0, instance:LoginTest@4e9ba398]" name="teardown" is-config="true" duration-ms="2111" started-at="2019-02-28T14:38:06Z" finished-at="2019-02-28T14:38:08Z">
          <reporter-output>
          </reporter-output>
        </test-method> <!-- teardown -->
        <test-method status="PASS" signature="setup()[pri:0, instance:LoginTest@4e9ba398]" name="setup" is-config="true" duration-ms="10571" started-at="2019-02-28T14:38:08Z" finished-at="2019-02-28T14:38:19Z">
          <reporter-output>
          </reporter-output>
        </test-method> <!-- setup -->
        <test-method status="PASS" signature="logotest()[pri:2, instance:LoginTest@4e9ba398]" name="logotest" duration-ms="71" started-at="2019-02-28T14:38:19Z" finished-at="2019-02-28T14:38:19Z">
          <reporter-output>
          </reporter-output>
        </test-method> <!-- logotest -->
        <test-method status="PASS" signature="teardown()[pri:0, instance:LoginTest@4e9ba398]" name="teardown" is-config="true" duration-ms="245" started-at="2019-02-28T14:38:19Z" finished-at="2019-02-28T14:38:19Z">
          <reporter-output>
          </reporter-output>
        </test-method> <!-- teardown -->
      </class> <!-- LoginTest -->
    </test> <!-- Default test -->
  </suite> <!-- Default suite -->
</testng-results>
